2026-04-08 09:12:34 GET /api/users 200 145
2026-04-08 09:12:35 GET /api/users/42 200 89
2026-04-08 09:12:38 POST /api/login 200 234
2026-04-08 09:13:01 GET /api/products 200 567
2026-04-08 09:13:15 GET /api/products/99 404 23
2026-04-08 09:14:22 POST /api/orders 201 1245
2026-04-08 09:14:45 GET /api/users 200 134
2026-04-08 09:15:02 GET /api/products 500 3456
2026-04-08 10:01:12 GET /api/users 200 156
2026-04-08 10:02:34 POST /api/login 401 67
2026-04-08 10:03:45 GET /api/products 200 489
2026-04-08 10:04:12 GET /api/orders/7 200 234
2026-04-08 10:05:33 POST /api/login 200 198
2026-04-08 10:08:21 GET /api/products 200 612
2026-04-08 10:12:45 GET /api/users/13 404 34
2026-04-08 10:15:18 POST /api/orders 201 1567
2026-04-08 10:18:42 GET /api/products 500 4123
2026-04-08 11:01:23 GET /api/users 200 145
2026-04-08 11:03:15 GET /api/products 200 523
2026-04-08 11:05:48 POST /api/login 200 212
2026-04-08 11:09:34 GET /api/orders 200 678
2026-04-08 11:12:11 GET /api/products/55 200 234
2026-04-08 11:15:45 POST /api/orders 201 1890
2026-04-08 11:18:23 GET /api/users 200 167
2026-04-08 11:22:56 GET /api/products 503 5234